0 info it worked if it ends with ok
1 verbose cli [ '/usr/local/Cellar/node/0.10.25/bin/node',
1 verbose cli   '/usr/local/bin/npm',
1 verbose cli   'install' ]
2 info using npm@1.3.24
3 info using node@v0.10.25
4 warn package.json DiskGold@0.0.1 No repository field.
5 warn package.json DiskGold@0.0.1 No README data
6 verbose readDependencies using package.json deps
7 verbose install where, deps [ '/Users/foadm/Projects/DiskGolf',
7 verbose install   [ 'mocha', 'zombie', 'servedir', 'casperjs' ] ]
8 info preinstall DiskGold@0.0.1
9 verbose readDependencies using package.json deps
10 verbose already installed skipping mocha@1.20.1 /Users/foadm/Projects/DiskGolf
11 verbose already installed skipping zombie@1.4.1 /Users/foadm/Projects/DiskGolf
12 verbose cache add [ 'casperjs@1.1.1', null ]
13 verbose cache add name=undefined spec="casperjs@1.1.1" args=["casperjs@1.1.1",null]
14 verbose parsed url { protocol: null,
14 verbose parsed url   slashes: null,
14 verbose parsed url   auth: null,
14 verbose parsed url   host: null,
14 verbose parsed url   port: null,
14 verbose parsed url   hostname: null,
14 verbose parsed url   hash: null,
14 verbose parsed url   search: null,
14 verbose parsed url   query: null,
14 verbose parsed url   pathname: 'casperjs@1.1.1',
14 verbose parsed url   path: 'casperjs@1.1.1',
14 verbose parsed url   href: 'casperjs@1.1.1' }
15 verbose cache add name="casperjs" spec="1.1.1" args=["casperjs","1.1.1"]
16 verbose parsed url { protocol: null,
16 verbose parsed url   slashes: null,
16 verbose parsed url   auth: null,
16 verbose parsed url   host: null,
16 verbose parsed url   port: null,
16 verbose parsed url   hostname: null,
16 verbose parsed url   hash: null,
16 verbose parsed url   search: null,
16 verbose parsed url   query: null,
16 verbose parsed url   pathname: '1.1.1',
16 verbose parsed url   path: '1.1.1',
16 verbose parsed url   href: '1.1.1' }
17 verbose addNamed [ 'casperjs', '1.1.1' ]
18 verbose addNamed [ '1.1.1', '1.1.1' ]
19 verbose already installed skipping servedir@0.2.2 /Users/foadm/Projects/DiskGolf
20 silly lockFile eee4b794-casperjs-1-1-1 casperjs@1.1.1
21 verbose lock casperjs@1.1.1 /Users/foadm/.npm/eee4b794-casperjs-1-1-1.lock
22 verbose url raw casperjs/1.1.1
23 verbose url resolving [ 'https://registry.npmjs.org/', './casperjs/1.1.1' ]
24 verbose url resolved https://registry.npmjs.org/casperjs/1.1.1
25 info trying registry request attempt 1 at 11:55:13
26 http GET https://registry.npmjs.org/casperjs/1.1.1
27 http 404 https://registry.npmjs.org/casperjs/1.1.1
28 silly registry.get cb [ 404,
28 silly registry.get   { date: 'Tue, 10 Jun 2014 18:55:16 GMT',
28 silly registry.get     server: 'CouchDB/1.5.0 (Erlang OTP/R14B04)',
28 silly registry.get     etag: '"EEW14A3EDJMPEW9DE9ZZNTR86"',
28 silly registry.get     'content-type': 'application/json',
28 silly registry.get     via: '1.1 varnish',
28 silly registry.get     'cache-control': 'max-age=0',
28 silly registry.get     'content-length': '36',
28 silly registry.get     'accept-ranges': 'bytes',
28 silly registry.get     age: '0',
28 silly registry.get     'x-served-by': 'cache-sv63-SJC3, cache-lax1432-LAX',
28 silly registry.get     'x-cache': 'MISS, MISS',
28 silly registry.get     'x-cache-hits': '0, 0',
28 silly registry.get     'x-timer': 'S1402426516.669707,VS0,VE98',
28 silly registry.get     vary: 'Accept',
28 silly registry.get     'keep-alive': 'timeout=10, max=50',
28 silly registry.get     connection: 'Keep-Alive' } ]
29 silly lockFile eee4b794-casperjs-1-1-1 casperjs@1.1.1
30 silly lockFile eee4b794-casperjs-1-1-1 casperjs@1.1.1
31 error Error: version not found: 1.1.1 : casperjs/1.1.1
31 error     at RegClient.<anonymous> (/usr/local/Cellar/node/0.10.25/lib/node_modules/npm/node_modules/npm-registry-client/lib/request.js:275:14)
31 error     at Request.self.callback (/usr/local/Cellar/node/0.10.25/lib/node_modules/npm/node_modules/request/request.js:123:22)
31 error     at Request.EventEmitter.emit (events.js:98:17)
31 error     at Request.<anonymous> (/usr/local/Cellar/node/0.10.25/lib/node_modules/npm/node_modules/request/request.js:893:14)
31 error     at Request.EventEmitter.emit (events.js:117:20)
31 error     at IncomingMessage.<anonymous> (/usr/local/Cellar/node/0.10.25/lib/node_modules/npm/node_modules/request/request.js:844:12)
31 error     at IncomingMessage.EventEmitter.emit (events.js:117:20)
31 error     at _stream_readable.js:920:16
31 error     at process._tickCallback (node.js:415:13)
32 error If you need help, you may report this *entire* log,
32 error including the npm and node versions, at:
32 error     <http://github.com/isaacs/npm/issues>
33 error System Darwin 13.1.0
34 error command "/usr/local/Cellar/node/0.10.25/bin/node" "/usr/local/bin/npm" "install"
35 error cwd /Users/foadm/Projects/DiskGolf
36 error node -v v0.10.25
37 error npm -v 1.3.24
38 verbose exit [ 1, true ]
